<?xml version="1.0" encoding="UTF-8" ?>
<testsuite failures="0" time="0.085" errors="1" skipped="0" tests="1" name="com.test.uicconsumer.AppTest">
  <properties>
[...]
</properties>
  <testcase time="0.051" classname="com.test.uicconsumer.AppTest" name="testApp">
    <error message="HSFMiniContainer.start(tgzPath) fail" type="java.lang.RuntimeException">java.lang.RuntimeException: HSFMiniContainer.start(tgzPath) fail
	at com.taobao.hsf.hsfunit.HSFEasyStarter.start(HSFEasyStarter.java:58)
	at com.test.uicconsumer.AppTest.testApp(AppTest.java:15)
	at sun.reflect.NativeMethodAccessorImpl.invoke0(Native Method)
	at sun.reflect.NativeMethodAccessorImpl.invoke(NativeMethodAccessorImpl.java:39)
	at sun.reflect.DelegatingMethodAccessorImpl.invoke(DelegatingMethodAccessorImpl.java:25)
	at java.lang.reflect.Method.invoke(Method.java:597)
	at org.junit.internal.runners.TestMethod.invoke(TestMethod.java:59)
	at org.junit.internal.runners.MethodRoadie.runTestMethod(MethodRoadie.java:98)
	at org.junit.internal.runners.MethodRoadie$2.run(MethodRoadie.java:79)
	at org.junit.internal.runners.MethodRoadie.runBeforesThenTestThenAfters(MethodRoadie.java:87)
	at org.junit.internal.runners.MethodRoadie.runTest(MethodRoadie.java:77)
	at org.junit.internal.runners.MethodRoadie.run(MethodRoadie.java:42)
	at org.junit.internal.runners.JUnit4ClassRunner.invokeTestMethod(JUnit4ClassRunner.java:88)
	at org.junit.internal.runners.JUnit4ClassRunner.runMethods(JUnit4ClassRunner.java:51)
	at org.junit.internal.runners.JUnit4ClassRunner$1.run(JUnit4ClassRunner.java:44)
	at org.junit.internal.runners.ClassRoadie.runUnprotected(ClassRoadie.java:27)
	at org.junit.internal.runners.ClassRoadie.runProtected(ClassRoadie.java:37)
	at org.junit.internal.runners.JUnit4ClassRunner.run(JUnit4ClassRunner.java:42)
	at org.apache.maven.surefire.junit4.JUnit4TestSet.execute(JUnit4TestSet.java:53)
	at org.apache.maven.surefire.junit4.JUnit4Provider.executeTestSet(JUnit4Provider.java:123)
	at org.apache.maven.surefire.junit4.JUnit4Provider.invoke(JUnit4Provider.java:104)
	at sun.reflect.NativeMethodAccessorImpl.invoke0(Native Method)
	at sun.reflect.NativeMethodAccessorImpl.invoke(NativeMethodAccessorImpl.java:39)
	at sun.reflect.DelegatingMethodAccessorImpl.invoke(DelegatingMethodAccessorImpl.java:25)
	at java.lang.reflect.Method.invoke(Method.java:597)
	at org.apache.maven.surefire.util.ReflectionUtils.invokeMethodWithArray(ReflectionUtils.java:164)
	at org.apache.maven.surefire.booter.ProviderFactory$ProviderProxy.invoke(ProviderFactory.java:110)
	at org.apache.maven.surefire.booter.SurefireStarter.invokeProvider(SurefireStarter.java:175)
	at org.apache.maven.surefire.booter.SurefireStarter.runSuitesInProcessWhenForked(SurefireStarter.java:107)
	at org.apache.maven.surefire.booter.ForkedBooter.main(ForkedBooter.java:68)
Caused by: java.net.UnknownHostException: arch.taobao.ali.com
	at java.net.PlainSocketImpl.connect(PlainSocketImpl.java:177)
	at java.net.SocksSocketImpl.connect(SocksSocketImpl.java:366)
	at java.net.Socket.connect(Socket.java:519)
	at sun.net.NetworkClient.doConnect(NetworkClient.java:158)
	at sun.net.www.http.HttpClient.openServer(HttpClient.java:394)
	at sun.net.www.http.HttpClient.openServer(HttpClient.java:529)
	at sun.net.www.http.HttpClient.&lt;init&gt;(HttpClient.java:233)
	at sun.net.www.http.HttpClient.New(HttpClient.java:306)
	at sun.net.www.http.HttpClient.New(HttpClient.java:323)
	at sun.net.www.protocol.http.HttpURLConnection.getNewHttpClient(HttpURLConnection.java:790)
	at sun.net.www.protocol.http.HttpURLConnection.plainConnect(HttpURLConnection.java:731)
	at sun.net.www.protocol.http.HttpURLConnection.connect(HttpURLConnection.java:656)
	at com.taobao.hsf.hsfunit.util.IOUtil.downUrl(IOUtil.java:54)
	at com.taobao.hsf.hsfunit.util.IOUtil.downAndPlaceSar(IOUtil.java:30)
	at com.taobao.hsf.hsfunit.HSFEasyStarter.downloadSar(HSFEasyStarter.java:100)
	at com.taobao.hsf.hsfunit.HSFEasyStarter.prepareHsfSar(HSFEasyStarter.java:80)
	at com.taobao.hsf.hsfunit.HSFEasyStarter.start(HSFEasyStarter.java:55)
	... 29 more
</error>
  </testcase>
</testsuite>